<?xml version="1.0" encoding="UTF-8"?>
<!-- Generated by org.testng.reporters.JUnitReportReporter -->
<testsuite hostname="Malatis-MacBook-Air.local" failures="0" tests="4" name="com.api.Tests.userTest" time="14.681" errors="0" timestamp="2025-07-01T15:24:41 IST" skipped="0">
  <testcase classname="com.api.Tests.userTest" name="createUserTest" time="1.748"/>
  <testcase classname="com.api.Tests.userTest" name="getUserTest" time="5.978"/>
  <testcase classname="com.api.Tests.userTest" name="updateUserTest" time="1.445"/>
  <testcase classname="com.api.Tests.userTest" name="deleteUserTest" time="5.510"/>
</testsuite> <!-- com.api.Tests.userTest -->
