<?xml version="1.0" encoding="UTF-8"?>
<!-- Generated by org.testng.reporters.JUnitReportReporter -->
<testsuite hostname="Malatis-MacBook-Air.local" failures="0" tests="1" name="com.api.Tests.UserTest" time="4.061" errors="0" timestamp="2025-06-05T22:31:25 IST" skipped="0">
  <testcase classname="com.api.Tests.UserTest" name="createUser" time="4.061"/>
</testsuite> <!-- com.api.Tests.UserTest -->
